{"/Users/jafar/Workspaces/js/yesbee/lib/api/components.js":{"path":"/Users/jafar/Workspaces/js/yesbee/lib/api/components.js","s":{"1":1,"2":1,"3":4,"4":1,"5":2,"6":2,"7":2,"8":1,"9":1},"b":{"1":[1,1]},"f":{"1":4,"2":1,"3":2},"fnMap":{"1":{"name":"(anonymous_1)","line":5,"loc":{"start":{"line":5,"column":17},"end":{"line":5,"column":31}}},"2":{"name":"(anonymous_2)","line":12,"loc":{"start":{"line":12,"column":17},"end":{"line":12,"column":28}}},"3":{"name":"(anonymous_3)","line":18,"loc":{"start":{"line":18,"column":17},"end":{"line":18,"column":28}}}},"statementMap":{"1":{"start":{"line":3,"column":0},"end":{"line":3,"column":28}},"2":{"start":{"line":5,"column":0},"end":{"line":29,"column":2}},"3":{"start":{"line":8,"column":2},"end":{"line":28,"column":4}},"4":{"start":{"line":13,"column":10},"end":{"line":13,"column":42}},"5":{"start":{"line":19,"column":10},"end":{"line":19,"column":42}},"6":{"start":{"line":20,"column":10},"end":{"line":20,"column":47}},"7":{"start":{"line":21,"column":10},"end":{"line":23,"column":11}},"8":{"start":{"line":22,"column":12},"end":{"line":22,"column":28}},"9":{"start":{"line":24,"column":10},"end":{"line":24,"column":44}}},"branchMap":{"1":{"line":21,"type":"if","locations":[{"start":{"line":21,"column":10},"end":{"line":21,"column":10}},{"start":{"line":21,"column":10},"end":{"line":21,"column":10}}]}}},"/Users/jafar/Workspaces/js/yesbee/lib/api/services.js":{"path":"/Users/jafar/Workspaces/js/yesbee/lib/api/services.js","s":{"1":1,"2":1,"3":8,"4":1,"5":2,"6":2,"7":2,"8":1,"9":1,"10":2,"11":2,"12":2,"13":1,"14":1,"15":2,"16":2,"17":2,"18":1,"19":1},"b":{"1":[1,1],"2":[1,1],"3":[1,1]},"f":{"1":8,"2":1,"3":2,"4":2,"5":2},"fnMap":{"1":{"name":"(anonymous_1)","line":5,"loc":{"start":{"line":5,"column":17},"end":{"line":5,"column":31}}},"2":{"name":"(anonymous_2)","line":12,"loc":{"start":{"line":12,"column":17},"end":{"line":12,"column":28}}},"3":{"name":"(anonymous_3)","line":18,"loc":{"start":{"line":18,"column":17},"end":{"line":18,"column":28}}},"4":{"name":"(anonymous_4)","line":29,"loc":{"start":{"line":29,"column":17},"end":{"line":29,"column":28}}},"5":{"name":"(anonymous_5)","line":40,"loc":{"start":{"line":40,"column":17},"end":{"line":40,"column":28}}}},"statementMap":{"1":{"start":{"line":3,"column":0},"end":{"line":3,"column":28}},"2":{"start":{"line":5,"column":0},"end":{"line":51,"column":2}},"3":{"start":{"line":8,"column":2},"end":{"line":50,"column":4}},"4":{"start":{"line":13,"column":10},"end":{"line":13,"column":40}},"5":{"start":{"line":19,"column":10},"end":{"line":19,"column":42}},"6":{"start":{"line":20,"column":10},"end":{"line":20,"column":43}},"7":{"start":{"line":21,"column":10},"end":{"line":23,"column":11}},"8":{"start":{"line":22,"column":12},"end":{"line":22,"column":28}},"9":{"start":{"line":24,"column":10},"end":{"line":24,"column":42}},"10":{"start":{"line":30,"column":10},"end":{"line":30,"column":42}},"11":{"start":{"line":31,"column":10},"end":{"line":31,"column":43}},"12":{"start":{"line":32,"column":10},"end":{"line":34,"column":11}},"13":{"start":{"line":33,"column":12},"end":{"line":33,"column":28}},"14":{"start":{"line":35,"column":10},"end":{"line":35,"column":50}},"15":{"start":{"line":41,"column":10},"end":{"line":41,"column":42}},"16":{"start":{"line":42,"column":10},"end":{"line":42,"column":43}},"17":{"start":{"line":43,"column":10},"end":{"line":45,"column":11}},"18":{"start":{"line":44,"column":12},"end":{"line":44,"column":28}},"19":{"start":{"line":46,"column":10},"end":{"line":46,"column":49}}},"branchMap":{"1":{"line":21,"type":"if","locations":[{"start":{"line":21,"column":10},"end":{"line":21,"column":10}},{"start":{"line":21,"column":10},"end":{"line":21,"column":10}}]},"2":{"line":32,"type":"if","locations":[{"start":{"line":32,"column":10},"end":{"line":32,"column":10}},{"start":{"line":32,"column":10},"end":{"line":32,"column":10}}]},"3":{"line":43,"type":"if","locations":[{"start":{"line":43,"column":10},"end":{"line":43,"column":10}},{"start":{"line":43,"column":10},"end":{"line":43,"column":10}}]}}},"/Users/jafar/Workspaces/js/yesbee/lib/app.js":{"path":"/Users/jafar/Workspaces/js/yesbee/lib/app.js","s":{"1":1,"2":1,"3":1,"4":1,"5":1,"6":1,"7":1,"8":1,"9":1,"10":1,"11":1,"12":1,"13":1,"14":17,"15":17,"16":3,"17":1,"18":4,"19":4,"20":3,"21":3,"22":1,"23":3,"24":2,"25":2,"26":2,"27":2,"28":2,"29":2,"30":1,"31":1,"32":1,"33":1,"34":1,"35":1,"36":11,"37":11,"38":11,"39":12,"40":11,"41":11,"42":2,"43":2,"44":2,"45":2,"46":2,"47":2,"48":13,"49":13,"50":13,"51":13,"52":13,"53":12,"54":1,"55":1,"56":1},"b":{"1":[3,3],"2":[17,16],"3":[3,1],"4":[2,0],"5":[2,0],"6":[2,1],"7":[1,1],"8":[12,1]},"f":{"1":1,"2":17,"3":3,"4":4,"5":2,"6":11,"7":12,"8":2,"9":13},"fnMap":{"1":{"name":"(anonymous_1)","line":15,"loc":{"start":{"line":15,"column":18},"end":{"line":15,"column":29}}},"2":{"name":"App","line":25,"loc":{"start":{"line":25,"column":2},"end":{"line":25,"column":23}}},"3":{"name":"(anonymous_3)","line":31,"loc":{"start":{"line":31,"column":38},"end":{"line":31,"column":41}}},"4":{"name":"(anonymous_4)","line":37,"loc":{"start":{"line":37,"column":7},"end":{"line":37,"column":17}}},"5":{"name":"(anonymous_5)","line":49,"loc":{"start":{"line":49,"column":10},"end":{"line":49,"column":17}}},"6":{"name":"(anonymous_6)","line":68,"loc":{"start":{"line":68,"column":16},"end":{"line":68,"column":29}}},"7":{"name":"(anonymous_7)","line":71,"loc":{"start":{"line":71,"column":22},"end":{"line":71,"column":40}}},"8":{"name":"(anonymous_8)","line":79,"loc":{"start":{"line":79,"column":14},"end":{"line":79,"column":27}}},"9":{"name":"(anonymous_9)","line":90,"loc":{"start":{"line":90,"column":21},"end":{"line":90,"column":27}}}},"statementMap":{"1":{"start":{"line":3,"column":0},"end":{"line":3,"column":28}},"2":{"start":{"line":4,"column":0},"end":{"line":4,"column":46}},"3":{"start":{"line":5,"column":0},"end":{"line":5,"column":33}},"4":{"start":{"line":6,"column":0},"end":{"line":6,"column":25}},"5":{"start":{"line":7,"column":0},"end":{"line":7,"column":41}},"6":{"start":{"line":8,"column":0},"end":{"line":8,"column":37}},"7":{"start":{"line":9,"column":0},"end":{"line":9,"column":33}},"8":{"start":{"line":10,"column":0},"end":{"line":10,"column":41}},"9":{"start":{"line":11,"column":0},"end":{"line":11,"column":35}},"10":{"start":{"line":12,"column":0},"end":{"line":12,"column":33}},"11":{"start":{"line":13,"column":0},"end":{"line":13,"column":42}},"12":{"start":{"line":15,"column":0},"end":{"line":107,"column":5}},"13":{"start":{"line":25,"column":2},"end":{"line":34,"column":3}},"14":{"start":{"line":26,"column":4},"end":{"line":26,"column":15}},"15":{"start":{"line":27,"column":4},"end":{"line":33,"column":7}},"16":{"start":{"line":31,"column":43},"end":{"line":31,"column":88}},"17":{"start":{"line":36,"column":2},"end":{"line":104,"column":4}},"18":{"start":{"line":38,"column":6},"end":{"line":38,"column":51}},"19":{"start":{"line":39,"column":6},"end":{"line":45,"column":7}},"20":{"start":{"line":40,"column":8},"end":{"line":44,"column":9}},"21":{"start":{"line":41,"column":10},"end":{"line":41,"column":78}},"22":{"start":{"line":43,"column":10},"end":{"line":43,"column":87}},"23":{"start":{"line":46,"column":6},"end":{"line":46,"column":61}},"24":{"start":{"line":50,"column":6},"end":{"line":50,"column":75}},"25":{"start":{"line":51,"column":6},"end":{"line":51,"column":95}},"26":{"start":{"line":52,"column":6},"end":{"line":52,"column":39}},"27":{"start":{"line":53,"column":6},"end":{"line":53,"column":33}},"28":{"start":{"line":55,"column":6},"end":{"line":55,"column":22}},"29":{"start":{"line":56,"column":6},"end":{"line":64,"column":7}},"30":{"start":{"line":57,"column":8},"end":{"line":57,"column":42}},"31":{"start":{"line":58,"column":8},"end":{"line":58,"column":26}},"32":{"start":{"line":59,"column":8},"end":{"line":59,"column":65}},"33":{"start":{"line":61,"column":8},"end":{"line":61,"column":25}},"34":{"start":{"line":62,"column":8},"end":{"line":62,"column":44}},"35":{"start":{"line":63,"column":8},"end":{"line":63,"column":63}},"36":{"start":{"line":69,"column":6},"end":{"line":69,"column":92}},"37":{"start":{"line":70,"column":6},"end":{"line":70,"column":48}},"38":{"start":{"line":71,"column":6},"end":{"line":73,"column":9}},"39":{"start":{"line":72,"column":8},"end":{"line":72,"column":118}},"40":{"start":{"line":74,"column":6},"end":{"line":74,"column":40}},"41":{"start":{"line":76,"column":6},"end":{"line":76,"column":18}},"42":{"start":{"line":80,"column":6},"end":{"line":80,"column":92}},"43":{"start":{"line":81,"column":6},"end":{"line":81,"column":94}},"44":{"start":{"line":83,"column":6},"end":{"line":83,"column":44}},"45":{"start":{"line":84,"column":6},"end":{"line":84,"column":25}},"46":{"start":{"line":85,"column":6},"end":{"line":85,"column":36}},"47":{"start":{"line":87,"column":6},"end":{"line":87,"column":18}},"48":{"start":{"line":91,"column":6},"end":{"line":91,"column":73}},"49":{"start":{"line":93,"column":6},"end":{"line":102,"column":7}},"50":{"start":{"line":94,"column":8},"end":{"line":94,"column":40}},"51":{"start":{"line":95,"column":8},"end":{"line":95,"column":46}},"52":{"start":{"line":96,"column":8},"end":{"line":98,"column":9}},"53":{"start":{"line":97,"column":10},"end":{"line":97,"column":27}},"54":{"start":{"line":99,"column":8},"end":{"line":99,"column":81}},"55":{"start":{"line":101,"column":8},"end":{"line":101,"column":95}},"56":{"start":{"line":106,"column":2},"end":{"line":106,"column":13}}},"branchMap":{"1":{"line":31,"type":"binary-expr","locations":[{"start":{"line":31,"column":50},"end":{"line":31,"column":56}},{"start":{"line":31,"column":61},"end":{"line":31,"column":86}}]},"2":{"line":32,"type":"binary-expr","locations":[{"start":{"line":32,"column":80},"end":{"line":32,"column":86}},{"start":{"line":32,"column":90},"end":{"line":32,"column":92}}]},"3":{"line":39,"type":"if","locations":[{"start":{"line":39,"column":6},"end":{"line":39,"column":6}},{"start":{"line":39,"column":6},"end":{"line":39,"column":6}}]},"4":{"line":51,"type":"cond-expr","locations":[{"start":{"line":51,"column":78},"end":{"line":51,"column":81}},{"start":{"line":51,"column":84},"end":{"line":51,"column":94}}]},"5":{"line":51,"type":"binary-expr","locations":[{"start":{"line":51,"column":18},"end":{"line":51,"column":51}},{"start":{"line":51,"column":55},"end":{"line":51,"column":74}}]},"6":{"line":52,"type":"binary-expr","locations":[{"start":{"line":52,"column":18},"end":{"line":52,"column":28}},{"start":{"line":52,"column":32},"end":{"line":52,"column":38}}]},"7":{"line":56,"type":"if","locations":[{"start":{"line":56,"column":6},"end":{"line":56,"column":6}},{"start":{"line":56,"column":6},"end":{"line":56,"column":6}}]},"8":{"line":96,"type":"if","locations":[{"start":{"line":96,"column":8},"end":{"line":96,"column":8}},{"start":{"line":96,"column":8},"end":{"line":96,"column":8}}]}}},"/Users/jafar/Workspaces/js/yesbee/lib/execution.js":{"path":"/Users/jafar/Workspaces/js/yesbee/lib/execution.js","s":{"1":1,"2":1,"3":1,"4":4,"5":4,"6":1,"7":1},"b":{"1":[4,0],"2":[4,1],"3":[4,4],"4":[4,4]},"f":{"1":1,"2":4},"fnMap":{"1":{"name":"(anonymous_1)","line":5,"loc":{"start":{"line":5,"column":18},"end":{"line":5,"column":29}}},"2":{"name":"Execution","line":8,"loc":{"start":{"line":8,"column":2},"end":{"line":8,"column":36}}}},"statementMap":{"1":{"start":{"line":3,"column":0},"end":{"line":3,"column":38}},"2":{"start":{"line":5,"column":0},"end":{"line":27,"column":5}},"3":{"start":{"line":8,"column":2},"end":{"line":17,"column":3}},"4":{"start":{"line":9,"column":4},"end":{"line":9,"column":28}},"5":{"start":{"line":11,"column":4},"end":{"line":16,"column":7}},"6":{"start":{"line":19,"column":2},"end":{"line":24,"column":26}},"7":{"start":{"line":26,"column":2},"end":{"line":26,"column":19}}},"branchMap":{"1":{"line":9,"type":"binary-expr","locations":[{"start":{"line":9,"column":14},"end":{"line":9,"column":21}},{"start":{"line":9,"column":25},"end":{"line":9,"column":27}}]},"2":{"line":13,"type":"binary-expr","locations":[{"start":{"line":13,"column":74},"end":{"line":13,"column":84}},{"start":{"line":13,"column":88},"end":{"line":13,"column":94}}]},"3":{"line":14,"type":"binary-expr","locations":[{"start":{"line":14,"column":76},"end":{"line":14,"column":88}},{"start":{"line":14,"column":92},"end":{"line":14,"column":94}}]},"4":{"line":15,"type":"binary-expr","locations":[{"start":{"line":15,"column":76},"end":{"line":15,"column":88}},{"start":{"line":15,"column":92},"end":{"line":15,"column":94}}]}}},"/Users/jafar/Workspaces/js/yesbee/lib/service.js":{"path":"/Users/jafar/Workspaces/js/yesbee/lib/service.js","s":{"1":1,"2":1,"3":1,"4":1,"5":1,"6":1,"7":1,"8":1,"9":6,"10":6,"11":6,"12":0,"13":6,"14":1,"15":1,"16":1,"17":1,"18":1,"19":1,"20":1,"21":1,"22":1,"23":1,"24":1,"25":1,"26":1,"27":1,"28":1,"29":1,"30":1,"31":1},"b":{},"f":{"1":1,"2":6,"3":0,"4":1,"5":1,"6":1,"7":1,"8":1},"fnMap":{"1":{"name":"(anonymous_1)","line":9,"loc":{"start":{"line":9,"column":18},"end":{"line":9,"column":29}}},"2":{"name":"Service","line":14,"loc":{"start":{"line":14,"column":2},"end":{"line":14,"column":31}}},"3":{"name":"(anonymous_3)","line":20,"loc":{"start":{"line":20,"column":37},"end":{"line":20,"column":40}}},"4":{"name":"(anonymous_4)","line":36,"loc":{"start":{"line":36,"column":8},"end":{"line":36,"column":14}}},"5":{"name":"(anonymous_5)","line":42,"loc":{"start":{"line":42,"column":9},"end":{"line":42,"column":12}}},"6":{"name":"(anonymous_6)","line":43,"loc":{"start":{"line":43,"column":29},"end":{"line":43,"column":45}}},"7":{"name":"(anonymous_7)","line":51,"loc":{"start":{"line":51,"column":8},"end":{"line":51,"column":11}}},"8":{"name":"(anonymous_8)","line":52,"loc":{"start":{"line":52,"column":29},"end":{"line":52,"column":45}}}},"statementMap":{"1":{"start":{"line":2,"column":0},"end":{"line":2,"column":28}},"2":{"start":{"line":3,"column":0},"end":{"line":3,"column":39}},"3":{"start":{"line":4,"column":0},"end":{"line":4,"column":38}},"4":{"start":{"line":5,"column":0},"end":{"line":5,"column":33}},"5":{"start":{"line":7,"column":0},"end":{"line":7,"column":33}},"6":{"start":{"line":9,"column":0},"end":{"line":71,"column":5}},"7":{"start":{"line":12,"column":2},"end":{"line":12,"column":19}},"8":{"start":{"line":14,"column":2},"end":{"line":33,"column":3}},"9":{"start":{"line":15,"column":4},"end":{"line":15,"column":62}},"10":{"start":{"line":16,"column":4},"end":{"line":16,"column":83}},"11":{"start":{"line":18,"column":4},"end":{"line":31,"column":7}},"12":{"start":{"line":20,"column":42},"end":{"line":20,"column":60}},"13":{"start":{"line":32,"column":4},"end":{"line":32,"column":28}},"14":{"start":{"line":35,"column":2},"end":{"line":59,"column":4}},"15":{"start":{"line":37,"column":6},"end":{"line":37,"column":48}},"16":{"start":{"line":38,"column":6},"end":{"line":38,"column":30}},"17":{"start":{"line":39,"column":6},"end":{"line":39,"column":19}},"18":{"start":{"line":43,"column":6},"end":{"line":45,"column":9}},"19":{"start":{"line":44,"column":8},"end":{"line":44,"column":22}},"20":{"start":{"line":46,"column":6},"end":{"line":46,"column":22}},"21":{"start":{"line":47,"column":6},"end":{"line":47,"column":25}},"22":{"start":{"line":48,"column":6},"end":{"line":48,"column":18}},"23":{"start":{"line":52,"column":6},"end":{"line":54,"column":9}},"24":{"start":{"line":53,"column":8},"end":{"line":53,"column":21}},"25":{"start":{"line":55,"column":6},"end":{"line":55,"column":22}},"26":{"start":{"line":56,"column":6},"end":{"line":56,"column":24}},"27":{"start":{"line":57,"column":6},"end":{"line":57,"column":18}},"28":{"start":{"line":61,"column":2},"end":{"line":61,"column":67}},"29":{"start":{"line":63,"column":2},"end":{"line":64,"column":22}},"30":{"start":{"line":66,"column":2},"end":{"line":68,"column":20}},"31":{"start":{"line":70,"column":2},"end":{"line":70,"column":17}}},"branchMap":{}},"/Users/jafar/Workspaces/js/yesbee/lib/route.js":{"path":"/Users/jafar/Workspaces/js/yesbee/lib/route.js","s":{"1":1,"2":1,"3":1,"4":1,"5":1,"6":1,"7":1,"8":1,"9":12,"10":12,"11":1,"12":8,"13":7,"14":7,"15":10,"16":4,"17":6,"18":6,"19":6,"20":4,"21":4,"22":4,"23":0,"24":4,"25":4,"26":4,"27":4,"28":4,"29":5,"30":5,"31":6,"32":5,"33":1,"34":2,"35":1,"36":1,"37":1},"b":{"1":[4,6],"2":[0,4]},"f":{"1":1,"2":12,"3":8,"4":10,"5":4,"6":4,"7":5,"8":6,"9":1,"10":2},"fnMap":{"1":{"name":"(anonymous_1)","line":8,"loc":{"start":{"line":8,"column":18},"end":{"line":8,"column":29}}},"2":{"name":"Route","line":13,"loc":{"start":{"line":13,"column":2},"end":{"line":13,"column":23}}},"3":{"name":"(anonymous_3)","line":26,"loc":{"start":{"line":26,"column":8},"end":{"line":26,"column":14}}},"4":{"name":"(anonymous_4)","line":32,"loc":{"start":{"line":32,"column":6},"end":{"line":32,"column":12}}},"5":{"name":"(anonymous_5)","line":41,"loc":{"start":{"line":41,"column":11},"end":{"line":41,"column":16}}},"6":{"name":"(anonymous_6)","line":47,"loc":{"start":{"line":47,"column":20},"end":{"line":47,"column":37}}},"7":{"name":"(anonymous_7)","line":56,"loc":{"start":{"line":56,"column":9},"end":{"line":56,"column":12}}},"8":{"name":"(anonymous_8)","line":59,"loc":{"start":{"line":59,"column":30},"end":{"line":59,"column":47}}},"9":{"name":"(anonymous_9)","line":66,"loc":{"start":{"line":66,"column":8},"end":{"line":66,"column":11}}},"10":{"name":"(anonymous_10)","line":67,"loc":{"start":{"line":67,"column":30},"end":{"line":67,"column":47}}}},"statementMap":{"1":{"start":{"line":2,"column":0},"end":{"line":2,"column":28}},"2":{"start":{"line":3,"column":0},"end":{"line":3,"column":25}},"3":{"start":{"line":4,"column":0},"end":{"line":4,"column":39}},"4":{"start":{"line":5,"column":0},"end":{"line":5,"column":38}},"5":{"start":{"line":6,"column":0},"end":{"line":6,"column":33}},"6":{"start":{"line":8,"column":0},"end":{"line":78,"column":5}},"7":{"start":{"line":11,"column":2},"end":{"line":11,"column":19}},"8":{"start":{"line":13,"column":2},"end":{"line":23,"column":3}},"9":{"start":{"line":14,"column":4},"end":{"line":14,"column":48}},"10":{"start":{"line":16,"column":4},"end":{"line":22,"column":7}},"11":{"start":{"line":25,"column":2},"end":{"line":73,"column":4}},"12":{"start":{"line":27,"column":6},"end":{"line":27,"column":65}},"13":{"start":{"line":28,"column":6},"end":{"line":28,"column":32}},"14":{"start":{"line":29,"column":6},"end":{"line":29,"column":18}},"15":{"start":{"line":33,"column":6},"end":{"line":35,"column":7}},"16":{"start":{"line":34,"column":8},"end":{"line":34,"column":33}},"17":{"start":{"line":36,"column":6},"end":{"line":36,"column":71}},"18":{"start":{"line":37,"column":6},"end":{"line":37,"column":38}},"19":{"start":{"line":38,"column":6},"end":{"line":38,"column":18}},"20":{"start":{"line":42,"column":6},"end":{"line":42,"column":75}},"21":{"start":{"line":43,"column":6},"end":{"line":43,"column":20}},"22":{"start":{"line":44,"column":6},"end":{"line":51,"column":7}},"23":{"start":{"line":45,"column":8},"end":{"line":45,"column":23}},"24":{"start":{"line":47,"column":8},"end":{"line":50,"column":10}},"25":{"start":{"line":48,"column":10},"end":{"line":48,"column":24}},"26":{"start":{"line":49,"column":10},"end":{"line":49,"column":21}},"27":{"start":{"line":52,"column":6},"end":{"line":52,"column":38}},"28":{"start":{"line":53,"column":6},"end":{"line":53,"column":18}},"29":{"start":{"line":57,"column":6},"end":{"line":57,"column":59}},"30":{"start":{"line":59,"column":6},"end":{"line":61,"column":9}},"31":{"start":{"line":60,"column":8},"end":{"line":60,"column":35}},"32":{"start":{"line":63,"column":6},"end":{"line":63,"column":18}},"33":{"start":{"line":67,"column":6},"end":{"line":69,"column":9}},"34":{"start":{"line":68,"column":8},"end":{"line":68,"column":22}},"35":{"start":{"line":71,"column":6},"end":{"line":71,"column":18}},"36":{"start":{"line":75,"column":2},"end":{"line":76,"column":33}},"37":{"start":{"line":77,"column":2},"end":{"line":77,"column":15}}},"branchMap":{"1":{"line":33,"type":"if","locations":[{"start":{"line":33,"column":6},"end":{"line":33,"column":6}},{"start":{"line":33,"column":6},"end":{"line":33,"column":6}}]},"2":{"line":44,"type":"if","locations":[{"start":{"line":44,"column":6},"end":{"line":44,"column":6}},{"start":{"line":44,"column":6},"end":{"line":44,"column":6}}]}}},"/Users/jafar/Workspaces/js/yesbee/lib/component.js":{"path":"/Users/jafar/Workspaces/js/yesbee/lib/component.js","s":{"1":1,"2":1,"3":1,"4":1,"5":1,"6":1,"7":1,"8":1,"9":17,"10":17,"11":17,"12":1,"13":17,"14":16,"15":7,"16":6,"17":1,"18":5,"19":5,"20":5,"21":4,"22":4,"23":4,"24":3,"25":3,"26":3,"27":3,"28":3,"29":1,"30":3,"31":3,"32":5,"33":5,"34":5,"35":7,"36":7,"37":1,"38":1,"39":6,"40":5,"41":6,"42":6,"43":5,"44":5,"45":4,"46":1,"47":1},"b":{"1":[1,5],"2":[3,0],"3":[1,2],"4":[1,6]},"f":{"1":1,"2":17,"3":17,"4":7,"5":4,"6":3,"7":5,"8":7,"9":5},"fnMap":{"1":{"name":"(anonymous_1)","line":9,"loc":{"start":{"line":9,"column":18},"end":{"line":9,"column":29}}},"2":{"name":"Component","line":12,"loc":{"start":{"line":12,"column":2},"end":{"line":12,"column":33}}},"3":{"name":"(anonymous_3)","line":24,"loc":{"start":{"line":24,"column":15},"end":{"line":24,"column":21}}},"4":{"name":"(anonymous_4)","line":29,"loc":{"start":{"line":29,"column":16},"end":{"line":29,"column":22}}},"5":{"name":"(anonymous_5)","line":41,"loc":{"start":{"line":41,"column":19},"end":{"line":41,"column":25}}},"6":{"name":"(anonymous_6)","line":45,"loc":{"start":{"line":45,"column":13},"end":{"line":45,"column":30}}},"7":{"name":"(anonymous_7)","line":59,"loc":{"start":{"line":59,"column":17},"end":{"line":59,"column":29}}},"8":{"name":"(anonymous_8)","line":65,"loc":{"start":{"line":65,"column":11},"end":{"line":65,"column":32}}},"9":{"name":"(anonymous_9)","line":79,"loc":{"start":{"line":79,"column":16},"end":{"line":79,"column":29}}}},"statementMap":{"1":{"start":{"line":2,"column":0},"end":{"line":2,"column":35}},"2":{"start":{"line":3,"column":0},"end":{"line":3,"column":37}},"3":{"start":{"line":4,"column":0},"end":{"line":4,"column":38}},"4":{"start":{"line":5,"column":0},"end":{"line":5,"column":25}},"5":{"start":{"line":6,"column":0},"end":{"line":6,"column":28}},"6":{"start":{"line":7,"column":0},"end":{"line":7,"column":33}},"7":{"start":{"line":9,"column":0},"end":{"line":90,"column":5}},"8":{"start":{"line":12,"column":2},"end":{"line":21,"column":3}},"9":{"start":{"line":13,"column":4},"end":{"line":13,"column":63}},"10":{"start":{"line":14,"column":4},"end":{"line":14,"column":108}},"11":{"start":{"line":16,"column":4},"end":{"line":20,"column":7}},"12":{"start":{"line":23,"column":2},"end":{"line":84,"column":4}},"13":{"start":{"line":25,"column":6},"end":{"line":25,"column":73}},"14":{"start":{"line":26,"column":6},"end":{"line":26,"column":123}},"15":{"start":{"line":30,"column":6},"end":{"line":30,"column":28}},"16":{"start":{"line":32,"column":6},"end":{"line":34,"column":7}},"17":{"start":{"line":33,"column":8},"end":{"line":33,"column":72}},"18":{"start":{"line":36,"column":6},"end":{"line":36,"column":41}},"19":{"start":{"line":37,"column":6},"end":{"line":37,"column":33}},"20":{"start":{"line":38,"column":6},"end":{"line":38,"column":20}},"21":{"start":{"line":42,"column":6},"end":{"line":42,"column":28}},"22":{"start":{"line":44,"column":6},"end":{"line":44,"column":27}},"23":{"start":{"line":45,"column":6},"end":{"line":56,"column":8}},"24":{"start":{"line":46,"column":8},"end":{"line":46,"column":30}},"25":{"start":{"line":47,"column":8},"end":{"line":47,"column":23}},"26":{"start":{"line":48,"column":8},"end":{"line":53,"column":9}},"27":{"start":{"line":49,"column":10},"end":{"line":49,"column":47}},"28":{"start":{"line":50,"column":10},"end":{"line":52,"column":11}},"29":{"start":{"line":51,"column":12},"end":{"line":51,"column":25}},"30":{"start":{"line":54,"column":8},"end":{"line":54,"column":26}},"31":{"start":{"line":55,"column":8},"end":{"line":55,"column":19}},"32":{"start":{"line":60,"column":6},"end":{"line":60,"column":38}},"33":{"start":{"line":61,"column":6},"end":{"line":61,"column":24}},"34":{"start":{"line":62,"column":6},"end":{"line":62,"column":21}},"35":{"start":{"line":66,"column":6},"end":{"line":66,"column":18}},"36":{"start":{"line":68,"column":6},"end":{"line":74,"column":7}},"37":{"start":{"line":69,"column":8},"end":{"line":69,"column":22}},"38":{"start":{"line":70,"column":8},"end":{"line":70,"column":26}},"39":{"start":{"line":72,"column":8},"end":{"line":72,"column":30}},"40":{"start":{"line":73,"column":8},"end":{"line":73,"column":60}},"41":{"start":{"line":76,"column":6},"end":{"line":76,"column":37}},"42":{"start":{"line":77,"column":6},"end":{"line":77,"column":59}},"43":{"start":{"line":79,"column":6},"end":{"line":82,"column":20}},"44":{"start":{"line":80,"column":8},"end":{"line":80,"column":38}},"45":{"start":{"line":81,"column":8},"end":{"line":81,"column":23}},"46":{"start":{"line":86,"column":2},"end":{"line":87,"column":22}},"47":{"start":{"line":89,"column":2},"end":{"line":89,"column":19}}},"branchMap":{"1":{"line":32,"type":"if","locations":[{"start":{"line":32,"column":6},"end":{"line":32,"column":6}},{"start":{"line":32,"column":6},"end":{"line":32,"column":6}}]},"2":{"line":48,"type":"if","locations":[{"start":{"line":48,"column":8},"end":{"line":48,"column":8}},{"start":{"line":48,"column":8},"end":{"line":48,"column":8}}]},"3":{"line":50,"type":"if","locations":[{"start":{"line":50,"column":10},"end":{"line":50,"column":10}},{"start":{"line":50,"column":10},"end":{"line":50,"column":10}}]},"4":{"line":68,"type":"if","locations":[{"start":{"line":68,"column":6},"end":{"line":68,"column":6}},{"start":{"line":68,"column":6},"end":{"line":68,"column":6}}]}}},"/Users/jafar/Workspaces/js/yesbee/lib/source.js":{"path":"/Users/jafar/Workspaces/js/yesbee/lib/source.js","s":{"1":1,"2":1,"3":1,"4":1,"5":1,"6":1,"7":10,"8":10,"9":10,"10":1,"11":8,"12":7,"13":7,"14":7,"15":7,"16":3,"17":1,"18":5,"19":5,"20":1,"21":1,"22":1,"23":1,"24":1},"b":{"1":[1,4],"2":[1,0]},"f":{"1":1,"2":10,"3":8,"4":7,"5":5,"6":1},"fnMap":{"1":{"name":"(anonymous_1)","line":6,"loc":{"start":{"line":6,"column":18},"end":{"line":6,"column":30}}},"2":{"name":"Source","line":11,"loc":{"start":{"line":11,"column":2},"end":{"line":11,"column":35}}},"3":{"name":"(anonymous_3)","line":24,"loc":{"start":{"line":24,"column":11},"end":{"line":24,"column":21}}},"4":{"name":"(anonymous_4)","line":29,"loc":{"start":{"line":29,"column":16},"end":{"line":29,"column":29}}},"5":{"name":"(anonymous_5)","line":39,"loc":{"start":{"line":39,"column":9},"end":{"line":39,"column":20}}},"6":{"name":"(anonymous_6)","line":46,"loc":{"start":{"line":46,"column":8},"end":{"line":46,"column":11}}}},"statementMap":{"1":{"start":{"line":2,"column":0},"end":{"line":2,"column":25}},"2":{"start":{"line":3,"column":0},"end":{"line":3,"column":38}},"3":{"start":{"line":4,"column":0},"end":{"line":4,"column":33}},"4":{"start":{"line":6,"column":0},"end":{"line":58,"column":5}},"5":{"start":{"line":9,"column":2},"end":{"line":9,"column":19}},"6":{"start":{"line":11,"column":2},"end":{"line":21,"column":3}},"7":{"start":{"line":12,"column":4},"end":{"line":12,"column":80}},"8":{"start":{"line":13,"column":4},"end":{"line":13,"column":94}},"9":{"start":{"line":15,"column":4},"end":{"line":20,"column":7}},"10":{"start":{"line":23,"column":2},"end":{"line":51,"column":4}},"11":{"start":{"line":25,"column":6},"end":{"line":25,"column":62}},"12":{"start":{"line":27,"column":6},"end":{"line":27,"column":84}},"13":{"start":{"line":29,"column":6},"end":{"line":36,"column":20}},"14":{"start":{"line":30,"column":8},"end":{"line":35,"column":9}},"15":{"start":{"line":31,"column":10},"end":{"line":31,"column":51}},"16":{"start":{"line":33,"column":10},"end":{"line":33,"column":86}},"17":{"start":{"line":34,"column":10},"end":{"line":34,"column":18}},"18":{"start":{"line":40,"column":6},"end":{"line":40,"column":31}},"19":{"start":{"line":41,"column":6},"end":{"line":43,"column":7}},"20":{"start":{"line":42,"column":8},"end":{"line":42,"column":35}},"21":{"start":{"line":47,"column":6},"end":{"line":49,"column":7}},"22":{"start":{"line":48,"column":8},"end":{"line":48,"column":34}},"23":{"start":{"line":53,"column":2},"end":{"line":55,"column":19}},"24":{"start":{"line":57,"column":2},"end":{"line":57,"column":16}}},"branchMap":{"1":{"line":41,"type":"if","locations":[{"start":{"line":41,"column":6},"end":{"line":41,"column":6}},{"start":{"line":41,"column":6},"end":{"line":41,"column":6}}]},"2":{"line":47,"type":"if","locations":[{"start":{"line":47,"column":6},"end":{"line":47,"column":6}},{"start":{"line":47,"column":6},"end":{"line":47,"column":6}}]}}},"/Users/jafar/Workspaces/js/yesbee/lib/message.js":{"path":"/Users/jafar/Workspaces/js/yesbee/lib/message.js","s":{"1":1,"2":1,"3":1,"4":5,"5":1},"b":{},"f":{"1":1,"2":5},"fnMap":{"1":{"name":"(anonymous_1)","line":3,"loc":{"start":{"line":3,"column":18},"end":{"line":3,"column":29}}},"2":{"name":"Message","line":6,"loc":{"start":{"line":6,"column":2},"end":{"line":6,"column":26}}}},"statementMap":{"1":{"start":{"line":2,"column":0},"end":{"line":2,"column":34}},"2":{"start":{"line":3,"column":0},"end":{"line":14,"column":5}},"3":{"start":{"line":6,"column":2},"end":{"line":12,"column":3}},"4":{"start":{"line":7,"column":4},"end":{"line":11,"column":7}},"5":{"start":{"line":13,"column":2},"end":{"line":13,"column":17}}},"branchMap":{}},"/Users/jafar/Workspaces/js/yesbee/lib/client.js":{"path":"/Users/jafar/Workspaces/js/yesbee/lib/client.js","s":{"1":1,"2":1,"3":1,"4":5,"5":5,"6":1,"7":5,"8":5,"9":5,"10":5,"11":1,"12":1},"b":{},"f":{"1":1,"2":5,"3":5,"4":1},"fnMap":{"1":{"name":"(anonymous_1)","line":4,"loc":{"start":{"line":4,"column":18},"end":{"line":4,"column":29}}},"2":{"name":"Client","line":7,"loc":{"start":{"line":7,"column":2},"end":{"line":7,"column":24}}},"3":{"name":"(anonymous_3)","line":15,"loc":{"start":{"line":15,"column":11},"end":{"line":15,"column":32}}},"4":{"name":"(anonymous_4)","line":23,"loc":{"start":{"line":23,"column":8},"end":{"line":23,"column":29}}}},"statementMap":{"1":{"start":{"line":2,"column":0},"end":{"line":2,"column":33}},"2":{"start":{"line":4,"column":0},"end":{"line":29,"column":5}},"3":{"start":{"line":7,"column":2},"end":{"line":12,"column":3}},"4":{"start":{"line":8,"column":4},"end":{"line":8,"column":48}},"5":{"start":{"line":9,"column":4},"end":{"line":11,"column":7}},"6":{"start":{"line":14,"column":2},"end":{"line":26,"column":4}},"7":{"start":{"line":16,"column":6},"end":{"line":16,"column":108}},"8":{"start":{"line":17,"column":6},"end":{"line":17,"column":89}},"9":{"start":{"line":19,"column":6},"end":{"line":19,"column":54}},"10":{"start":{"line":20,"column":6},"end":{"line":20,"column":59}},"11":{"start":{"line":24,"column":6},"end":{"line":24,"column":42}},"12":{"start":{"line":28,"column":2},"end":{"line":28,"column":16}}},"branchMap":{}},"/Users/jafar/Workspaces/js/yesbee/lib/errors/notify.js":{"path":"/Users/jafar/Workspaces/js/yesbee/lib/errors/notify.js","s":{"1":1,"2":1,"3":1,"4":1,"5":1},"b":{},"f":{"1":1},"fnMap":{"1":{"name":"Notify","line":1,"loc":{"start":{"line":1,"column":0},"end":{"line":1,"column":25}}}},"statementMap":{"1":{"start":{"line":1,"column":0},"end":{"line":4,"column":1}},"2":{"start":{"line":2,"column":2},"end":{"line":2,"column":25}},"3":{"start":{"line":3,"column":2},"end":{"line":3,"column":50}},"4":{"start":{"line":6,"column":0},"end":{"line":6,"column":40}},"5":{"start":{"line":8,"column":0},"end":{"line":8,"column":24}}},"branchMap":{}},"/Users/jafar/Workspaces/js/yesbee/lib/commands/daemon.js":{"path":"/Users/jafar/Workspaces/js/yesbee/lib/commands/daemon.js","s":{"1":1,"2":1,"3":1,"4":1,"5":1,"6":1,"7":1,"8":1,"9":1,"10":1,"11":1,"12":1,"13":1,"14":0,"15":1,"16":2,"17":2,"18":2,"19":1,"20":1,"21":1,"22":1,"23":1,"24":0,"25":0,"26":0,"27":1,"28":1,"29":1,"30":1,"31":1,"32":1,"33":1,"34":0,"35":0,"36":0,"37":1,"38":1,"39":1,"40":1,"41":1,"42":0,"43":1,"44":1,"45":1,"46":1,"47":1,"48":0,"49":1,"50":0,"51":1,"52":1,"53":2,"54":2,"55":1,"56":0,"57":0,"58":0,"59":0,"60":1,"61":0,"62":0,"63":0,"64":1,"65":1,"66":1,"67":1,"68":1,"69":1,"70":1,"71":0,"72":1,"73":1,"74":1,"75":1,"76":1,"77":1},"b":{"1":[2,0],"2":[0,0],"3":[0,0],"4":[1,1,1],"5":[1,0],"6":[1,1],"7":[0,0],"8":[0,1],"9":[1,0]},"f":{"1":1,"2":1,"3":2,"4":0,"5":1,"6":0,"7":1,"8":1,"9":0,"10":0,"11":2,"12":0,"13":0,"14":1,"15":1,"16":1},"fnMap":{"1":{"name":"(anonymous_1)","line":11,"loc":{"start":{"line":11,"column":18},"end":{"line":11,"column":29}}},"2":{"name":"prepareComponents","line":14,"loc":{"start":{"line":14,"column":2},"end":{"line":14,"column":42}}},"3":{"name":"(anonymous_3)","line":24,"loc":{"start":{"line":24,"column":30},"end":{"line":24,"column":54}}},"4":{"name":"(anonymous_4)","line":38,"loc":{"start":{"line":38,"column":30},"end":{"line":38,"column":54}}},"5":{"name":"prepareServices","line":46,"loc":{"start":{"line":46,"column":2},"end":{"line":46,"column":40}}},"6":{"name":"(anonymous_6)","line":56,"loc":{"start":{"line":56,"column":28},"end":{"line":56,"column":50}}},"7":{"name":"prepareOptions","line":64,"loc":{"start":{"line":64,"column":2},"end":{"line":64,"column":39}}},"8":{"name":"prepareDaemon","line":77,"loc":{"start":{"line":77,"column":2},"end":{"line":77,"column":38}}},"9":{"name":"(anonymous_9)","line":80,"loc":{"start":{"line":80,"column":29},"end":{"line":80,"column":40}}},"10":{"name":"(anonymous_10)","line":84,"loc":{"start":{"line":84,"column":25},"end":{"line":84,"column":36}}},"11":{"name":"(anonymous_11)","line":93,"loc":{"start":{"line":93,"column":41},"end":{"line":93,"column":56}}},"12":{"name":"(anonymous_12)","line":101,"loc":{"start":{"line":101,"column":25},"end":{"line":101,"column":42}}},"13":{"name":"(anonymous_13)","line":113,"loc":{"start":{"line":113,"column":50},"end":{"line":113,"column":61}}},"14":{"name":"(anonymous_14)","line":121,"loc":{"start":{"line":121,"column":24},"end":{"line":121,"column":50}}},"15":{"name":"(anonymous_15)","line":122,"loc":{"start":{"line":122,"column":49},"end":{"line":122,"column":60}}},"16":{"name":"daemonCommand","line":132,"loc":{"start":{"line":132,"column":2},"end":{"line":132,"column":38}}}},"statementMap":{"1":{"start":{"line":3,"column":0},"end":{"line":3,"column":29}},"2":{"start":{"line":4,"column":0},"end":{"line":4,"column":46}},"3":{"start":{"line":5,"column":0},"end":{"line":5,"column":27}},"4":{"start":{"line":6,"column":0},"end":{"line":6,"column":33}},"5":{"start":{"line":7,"column":0},"end":{"line":7,"column":29}},"6":{"start":{"line":8,"column":0},"end":{"line":8,"column":28}},"7":{"start":{"line":9,"column":0},"end":{"line":9,"column":32}},"8":{"start":{"line":11,"column":0},"end":{"line":139,"column":5}},"9":{"start":{"line":14,"column":2},"end":{"line":44,"column":3}},"10":{"start":{"line":15,"column":4},"end":{"line":15,"column":23}},"11":{"start":{"line":18,"column":4},"end":{"line":18,"column":59}},"12":{"start":{"line":19,"column":4},"end":{"line":23,"column":5}},"13":{"start":{"line":20,"column":6},"end":{"line":20,"column":49}},"14":{"start":{"line":22,"column":6},"end":{"line":22,"column":26}},"15":{"start":{"line":24,"column":4},"end":{"line":29,"column":7}},"16":{"start":{"line":25,"column":6},"end":{"line":28,"column":7}},"17":{"start":{"line":26,"column":8},"end":{"line":26,"column":55}},"18":{"start":{"line":27,"column":8},"end":{"line":27,"column":72}},"19":{"start":{"line":32,"column":4},"end":{"line":32,"column":43}},"20":{"start":{"line":33,"column":4},"end":{"line":37,"column":5}},"21":{"start":{"line":34,"column":6},"end":{"line":34,"column":49}},"22":{"start":{"line":36,"column":6},"end":{"line":36,"column":26}},"23":{"start":{"line":38,"column":4},"end":{"line":43,"column":7}},"24":{"start":{"line":39,"column":6},"end":{"line":42,"column":7}},"25":{"start":{"line":40,"column":8},"end":{"line":40,"column":55}},"26":{"start":{"line":41,"column":8},"end":{"line":41,"column":72}},"27":{"start":{"line":46,"column":2},"end":{"line":62,"column":3}},"28":{"start":{"line":47,"column":4},"end":{"line":47,"column":21}},"29":{"start":{"line":50,"column":4},"end":{"line":50,"column":45}},"30":{"start":{"line":51,"column":4},"end":{"line":55,"column":5}},"31":{"start":{"line":52,"column":6},"end":{"line":52,"column":47}},"32":{"start":{"line":54,"column":6},"end":{"line":54,"column":24}},"33":{"start":{"line":56,"column":4},"end":{"line":61,"column":7}},"34":{"start":{"line":57,"column":6},"end":{"line":60,"column":7}},"35":{"start":{"line":58,"column":8},"end":{"line":58,"column":53}},"36":{"start":{"line":59,"column":8},"end":{"line":59,"column":74}},"37":{"start":{"line":64,"column":2},"end":{"line":75,"column":3}},"38":{"start":{"line":65,"column":4},"end":{"line":65,"column":30}},"39":{"start":{"line":66,"column":4},"end":{"line":66,"column":73}},"40":{"start":{"line":67,"column":4},"end":{"line":70,"column":17}},"41":{"start":{"line":68,"column":6},"end":{"line":68,"column":58}},"42":{"start":{"line":69,"column":6},"end":{"line":69,"column":45}},"43":{"start":{"line":72,"column":4},"end":{"line":74,"column":5}},"44":{"start":{"line":73,"column":6},"end":{"line":73,"column":54}},"45":{"start":{"line":77,"column":2},"end":{"line":130,"column":3}},"46":{"start":{"line":78,"column":4},"end":{"line":78,"column":24}},"47":{"start":{"line":80,"column":4},"end":{"line":82,"column":6}},"48":{"start":{"line":81,"column":6},"end":{"line":81,"column":31}},"49":{"start":{"line":84,"column":4},"end":{"line":90,"column":7}},"50":{"start":{"line":85,"column":6},"end":{"line":89,"column":8}},"51":{"start":{"line":92,"column":4},"end":{"line":92,"column":52}},"52":{"start":{"line":93,"column":4},"end":{"line":99,"column":7}},"53":{"start":{"line":94,"column":6},"end":{"line":94,"column":44}},"54":{"start":{"line":95,"column":6},"end":{"line":98,"column":9}},"55":{"start":{"line":101,"column":4},"end":{"line":109,"column":7}},"56":{"start":{"line":102,"column":6},"end":{"line":102,"column":80}},"57":{"start":{"line":104,"column":6},"end":{"line":104,"column":17}},"58":{"start":{"line":106,"column":6},"end":{"line":108,"column":7}},"59":{"start":{"line":107,"column":8},"end":{"line":107,"column":31}},"60":{"start":{"line":111,"column":4},"end":{"line":129,"column":5}},"61":{"start":{"line":112,"column":6},"end":{"line":112,"column":50}},"62":{"start":{"line":113,"column":6},"end":{"line":115,"column":9}},"63":{"start":{"line":114,"column":8},"end":{"line":114,"column":76}},"64":{"start":{"line":116,"column":11},"end":{"line":129,"column":5}},"65":{"start":{"line":117,"column":6},"end":{"line":119,"column":19}},"66":{"start":{"line":118,"column":8},"end":{"line":118,"column":49}},"67":{"start":{"line":121,"column":6},"end":{"line":126,"column":9}},"68":{"start":{"line":122,"column":8},"end":{"line":125,"column":11}},"69":{"start":{"line":123,"column":10},"end":{"line":123,"column":84}},"70":{"start":{"line":124,"column":10},"end":{"line":124,"column":20}},"71":{"start":{"line":128,"column":6},"end":{"line":128,"column":74}},"72":{"start":{"line":132,"column":2},"end":{"line":137,"column":3}},"73":{"start":{"line":133,"column":4},"end":{"line":133,"column":36}},"74":{"start":{"line":134,"column":4},"end":{"line":134,"column":39}},"75":{"start":{"line":135,"column":4},"end":{"line":135,"column":37}},"76":{"start":{"line":136,"column":4},"end":{"line":136,"column":35}},"77":{"start":{"line":138,"column":2},"end":{"line":138,"column":23}}},"branchMap":{"1":{"line":25,"type":"if","locations":[{"start":{"line":25,"column":6},"end":{"line":25,"column":6}},{"start":{"line":25,"column":6},"end":{"line":25,"column":6}}]},"2":{"line":39,"type":"if","locations":[{"start":{"line":39,"column":6},"end":{"line":39,"column":6}},{"start":{"line":39,"column":6},"end":{"line":39,"column":6}}]},"3":{"line":57,"type":"if","locations":[{"start":{"line":57,"column":6},"end":{"line":57,"column":6}},{"start":{"line":57,"column":6},"end":{"line":57,"column":6}}]},"4":{"line":66,"type":"binary-expr","locations":[{"start":{"line":66,"column":21},"end":{"line":66,"column":30}},{"start":{"line":66,"column":34},"end":{"line":66,"column":40}},{"start":{"line":66,"column":44},"end":{"line":66,"column":72}}]},"5":{"line":72,"type":"if","locations":[{"start":{"line":72,"column":4},"end":{"line":72,"column":4}},{"start":{"line":72,"column":4},"end":{"line":72,"column":4}}]},"6":{"line":72,"type":"binary-expr","locations":[{"start":{"line":72,"column":8},"end":{"line":72,"column":18}},{"start":{"line":72,"column":22},"end":{"line":72,"column":38}}]},"7":{"line":106,"type":"if","locations":[{"start":{"line":106,"column":6},"end":{"line":106,"column":6}},{"start":{"line":106,"column":6},"end":{"line":106,"column":6}}]},"8":{"line":111,"type":"if","locations":[{"start":{"line":111,"column":4},"end":{"line":111,"column":4}},{"start":{"line":111,"column":4},"end":{"line":111,"column":4}}]},"9":{"line":116,"type":"if","locations":[{"start":{"line":116,"column":11},"end":{"line":116,"column":11}},{"start":{"line":116,"column":11},"end":{"line":116,"column":11}}]}}},"/Users/jafar/Workspaces/js/yesbee/lib/components/direct.js":{"path":"/Users/jafar/Workspaces/js/yesbee/lib/components/direct.js","s":{"1":1,"2":1,"3":1},"b":{},"f":{"1":1,"2":1},"fnMap":{"1":{"name":"(anonymous_1)","line":2,"loc":{"start":{"line":2,"column":18},"end":{"line":2,"column":29}}},"2":{"name":"(anonymous_2)","line":5,"loc":{"start":{"line":5,"column":13},"end":{"line":5,"column":23}}}},"statementMap":{"1":{"start":{"line":2,"column":0},"end":{"line":24,"column":5}},"2":{"start":{"line":4,"column":2},"end":{"line":23,"column":4}},"3":{"start":{"line":6,"column":8},"end":{"line":6,"column":36}}},"branchMap":{}},"/Users/jafar/Workspaces/js/yesbee/lib/components/log.js":{"path":"/Users/jafar/Workspaces/js/yesbee/lib/components/log.js","s":{"1":1,"2":1,"3":1,"4":2},"b":{},"f":{"1":1,"2":1,"3":2},"fnMap":{"1":{"name":"(anonymous_1)","line":2,"loc":{"start":{"line":2,"column":18},"end":{"line":2,"column":29}}},"2":{"name":"(anonymous_2)","line":5,"loc":{"start":{"line":5,"column":16},"end":{"line":5,"column":22}}},"3":{"name":"(anonymous_3)","line":9,"loc":{"start":{"line":9,"column":11},"end":{"line":9,"column":21}}}},"statementMap":{"1":{"start":{"line":2,"column":0},"end":{"line":13,"column":5}},"2":{"start":{"line":4,"column":2},"end":{"line":12,"column":4}},"3":{"start":{"line":6,"column":6},"end":{"line":6,"column":61}},"4":{"start":{"line":10,"column":6},"end":{"line":10,"column":74}}},"branchMap":{}},"/Users/jafar/Workspaces/js/yesbee/lib/config.js":{"path":"/Users/jafar/Workspaces/js/yesbee/lib/config.js","s":{"1":1,"2":1,"3":1,"4":2,"5":2,"6":2,"7":1,"8":1,"9":2},"b":{"1":[2,1],"2":[2,2,2],"3":[1,1],"4":[1,1]},"f":{"1":1,"2":2},"fnMap":{"1":{"name":"(anonymous_1)","line":5,"loc":{"start":{"line":5,"column":18},"end":{"line":5,"column":29}}},"2":{"name":"(anonymous_2)","line":8,"loc":{"start":{"line":8,"column":9},"end":{"line":8,"column":24}}}},"statementMap":{"1":{"start":{"line":3,"column":0},"end":{"line":3,"column":29}},"2":{"start":{"line":5,"column":0},"end":{"line":23,"column":5}},"3":{"start":{"line":8,"column":2},"end":{"line":22,"column":4}},"4":{"start":{"line":9,"column":4},"end":{"line":9,"column":29}},"5":{"start":{"line":11,"column":4},"end":{"line":13,"column":6}},"6":{"start":{"line":15,"column":4},"end":{"line":19,"column":5}},"7":{"start":{"line":16,"column":6},"end":{"line":16,"column":36}},"8":{"start":{"line":18,"column":6},"end":{"line":18,"column":82}},"9":{"start":{"line":21,"column":4},"end":{"line":21,"column":18}}},"branchMap":{"1":{"line":9,"type":"binary-expr","locations":[{"start":{"line":9,"column":10},"end":{"line":9,"column":13}},{"start":{"line":9,"column":17},"end":{"line":9,"column":28}}]},"2":{"line":12,"type":"binary-expr","locations":[{"start":{"line":12,"column":11},"end":{"line":12,"column":25}},{"start":{"line":12,"column":29},"end":{"line":12,"column":36}},{"start":{"line":12,"column":40},"end":{"line":12,"column":53}}]},"3":{"line":15,"type":"if","locations":[{"start":{"line":15,"column":4},"end":{"line":15,"column":4}},{"start":{"line":15,"column":4},"end":{"line":15,"column":4}}]},"4":{"line":18,"type":"binary-expr","locations":[{"start":{"line":18,"column":26},"end":{"line":18,"column":48}},{"start":{"line":18,"column":52},"end":{"line":18,"column":81}}]}}},"/Users/jafar/Workspaces/js/yesbee/lib/commands/help.js":{"path":"/Users/jafar/Workspaces/js/yesbee/lib/commands/help.js","s":{"1":1,"2":1,"3":1,"4":1,"5":1,"6":1,"7":1,"8":1,"9":1,"10":1,"11":1},"b":{},"f":{"1":1,"2":1},"fnMap":{"1":{"name":"(anonymous_1)","line":4,"loc":{"start":{"line":4,"column":18},"end":{"line":4,"column":29}}},"2":{"name":"(anonymous_2)","line":7,"loc":{"start":{"line":7,"column":9},"end":{"line":7,"column":29}}}},"statementMap":{"1":{"start":{"line":2,"column":0},"end":{"line":2,"column":46}},"2":{"start":{"line":4,"column":0},"end":{"line":17,"column":5}},"3":{"start":{"line":7,"column":2},"end":{"line":16,"column":4}},"4":{"start":{"line":8,"column":4},"end":{"line":8,"column":34}},"5":{"start":{"line":9,"column":4},"end":{"line":9,"column":20}},"6":{"start":{"line":10,"column":4},"end":{"line":10,"column":30}},"7":{"start":{"line":11,"column":4},"end":{"line":11,"column":62}},"8":{"start":{"line":12,"column":4},"end":{"line":12,"column":20}},"9":{"start":{"line":13,"column":4},"end":{"line":13,"column":33}},"10":{"start":{"line":14,"column":4},"end":{"line":14,"column":43}},"11":{"start":{"line":15,"column":4},"end":{"line":15,"column":40}}},"branchMap":{}}}