TN:
SF:/Users/jafar/Workspaces/js/yesbee/lib/api/components.js
FN:5,(anonymous_1)
FN:12,(anonymous_2)
FN:18,(anonymous_3)
FNF:3
FNH:3
FNDA:4,(anonymous_1)
FNDA:1,(anonymous_2)
FNDA:2,(anonymous_3)
DA:3,1
DA:5,1
DA:8,4
DA:13,1
DA:19,2
DA:20,2
DA:21,2
DA:22,1
DA:24,1
LF:9
LH:9
BRDA:21,1,0,1
BRDA:21,1,1,1
BRF:2
BRH:2
end_of_record
TN:
SF:/Users/jafar/Workspaces/js/yesbee/lib/api/services.js
FN:5,(anonymous_1)
FN:12,(anonymous_2)
FN:18,(anonymous_3)
FN:29,(anonymous_4)
FN:40,(anonymous_5)
FNF:5
FNH:5
FNDA:8,(anonymous_1)
FNDA:1,(anonymous_2)
FNDA:2,(anonymous_3)
FNDA:2,(anonymous_4)
FNDA:2,(anonymous_5)
DA:3,1
DA:5,1
DA:8,8
DA:13,1
DA:19,2
DA:20,2
DA:21,2
DA:22,1
DA:24,1
DA:30,2
DA:31,2
DA:32,2
DA:33,1
DA:35,1
DA:41,2
DA:42,2
DA:43,2
DA:44,1
DA:46,1
LF:19
LH:19
BRDA:21,1,0,1
BRDA:21,1,1,1
BRDA:32,2,0,1
BRDA:32,2,1,1
BRDA:43,3,0,1
BRDA:43,3,1,1
BRF:6
BRH:6
end_of_record
TN:
SF:/Users/jafar/Workspaces/js/yesbee/lib/app.js
FN:15,(anonymous_1)
FN:25,App
FN:31,(anonymous_3)
FN:37,(anonymous_4)
FN:49,(anonymous_5)
FN:68,(anonymous_6)
FN:71,(anonymous_7)
FN:79,(anonymous_8)
FN:90,(anonymous_9)
FNF:9
FNH:9
FNDA:1,(anonymous_1)
FNDA:18,App
FNDA:12,(anonymous_3)
FNDA:4,(anonymous_4)
FNDA:2,(anonymous_5)
FNDA:14,(anonymous_6)
FNDA:18,(anonymous_7)
FNDA:7,(anonymous_8)
FNDA:19,(anonymous_9)
DA:3,1
DA:4,1
DA:5,1
DA:6,1
DA:7,1
DA:8,1
DA:9,1
DA:10,1
DA:11,1
DA:12,1
DA:13,1
DA:15,1
DA:25,1
DA:26,18
DA:27,18
DA:31,12
DA:36,1
DA:38,4
DA:39,4
DA:40,3
DA:41,3
DA:43,1
DA:46,3
DA:50,2
DA:51,2
DA:52,2
DA:53,2
DA:55,2
DA:56,2
DA:57,1
DA:58,1
DA:59,1
DA:61,1
DA:62,1
DA:63,1
DA:69,14
DA:70,14
DA:71,14
DA:72,18
DA:74,14
DA:76,14
DA:80,7
DA:81,7
DA:83,7
DA:84,7
DA:85,6
DA:87,6
DA:91,19
DA:93,19
DA:94,19
DA:95,19
DA:96,19
DA:97,18
DA:99,1
DA:101,1
DA:106,1
LF:56
LH:56
BRDA:31,1,0,12
BRDA:31,1,1,4
BRDA:32,2,0,18
BRDA:32,2,1,17
BRDA:39,3,0,3
BRDA:39,3,1,1
BRDA:51,4,0,2
BRDA:51,4,1,0
BRDA:51,5,0,2
BRDA:51,5,1,0
BRDA:52,6,0,2
BRDA:52,6,1,1
BRDA:56,7,0,1
BRDA:56,7,1,1
BRDA:96,8,0,18
BRDA:96,8,1,1
BRF:16
BRH:14
end_of_record
TN:
SF:/Users/jafar/Workspaces/js/yesbee/lib/execution.js
FN:5,(anonymous_1)
FN:8,Execution
FNF:2
FNH:2
FNDA:1,(anonymous_1)
FNDA:4,Execution
DA:3,1
DA:5,1
DA:8,1
DA:9,4
DA:11,4
DA:19,1
DA:26,1
LF:7
LH:7
BRDA:9,1,0,4
BRDA:9,1,1,0
BRDA:13,2,0,4
BRDA:13,2,1,1
BRDA:14,3,0,4
BRDA:14,3,1,4
BRDA:15,4,0,4
BRDA:15,4,1,4
BRF:8
BRH:7
end_of_record
TN:
SF:/Users/jafar/Workspaces/js/yesbee/lib/service.js
FN:9,(anonymous_1)
FN:14,Service
FN:20,(anonymous_3)
FN:36,(anonymous_4)
FN:42,(anonymous_5)
FN:43,(anonymous_6)
FN:51,(anonymous_7)
FN:52,(anonymous_8)
FNF:8
FNH:8
FNDA:1,(anonymous_1)
FNDA:12,Service
FNDA:1,(anonymous_3)
FNDA:7,(anonymous_4)
FNDA:5,(anonymous_5)
FNDA:6,(anonymous_6)
FNDA:1,(anonymous_7)
FNDA:1,(anonymous_8)
DA:2,1
DA:3,1
DA:4,1
DA:5,1
DA:7,1
DA:9,1
DA:12,1
DA:14,1
DA:15,12
DA:16,12
DA:18,12
DA:20,1
DA:32,12
DA:35,1
DA:37,7
DA:38,6
DA:39,6
DA:43,5
DA:44,6
DA:46,5
DA:47,5
DA:48,5
DA:52,1
DA:53,1
DA:55,1
DA:56,1
DA:57,1
DA:61,1
DA:63,1
DA:66,1
DA:70,1
LF:31
LH:31
BRF:0
BRH:0
end_of_record
TN:
SF:/Users/jafar/Workspaces/js/yesbee/lib/route.js
FN:8,(anonymous_1)
FN:13,Route
FN:26,(anonymous_3)
FN:32,(anonymous_4)
FN:41,(anonymous_5)
FN:47,(anonymous_6)
FN:56,(anonymous_7)
FN:59,(anonymous_8)
FN:66,(anonymous_9)
FN:67,(anonymous_10)
FNF:10
FNH:10
FNDA:1,(anonymous_1)
FNDA:14,Route
FNDA:9,(anonymous_3)
FNDA:11,(anonymous_4)
FNDA:5,(anonymous_5)
FNDA:4,(anonymous_6)
FNDA:6,(anonymous_7)
FNDA:7,(anonymous_8)
FNDA:1,(anonymous_9)
FNDA:2,(anonymous_10)
DA:2,1
DA:3,1
DA:4,1
DA:5,1
DA:6,1
DA:8,1
DA:11,1
DA:13,1
DA:14,14
DA:16,14
DA:25,1
DA:27,9
DA:28,8
DA:29,8
DA:33,11
DA:34,4
DA:36,7
DA:37,7
DA:38,7
DA:42,5
DA:43,5
DA:44,5
DA:45,1
DA:47,4
DA:48,4
DA:49,4
DA:52,5
DA:53,5
DA:57,6
DA:59,6
DA:60,7
DA:63,6
DA:67,1
DA:68,2
DA:71,1
DA:75,1
DA:77,1
LF:37
LH:37
BRDA:33,1,0,4
BRDA:33,1,1,7
BRDA:44,2,0,1
BRDA:44,2,1,4
BRF:4
BRH:4
end_of_record
TN:
SF:/Users/jafar/Workspaces/js/yesbee/lib/component.js
FN:9,(anonymous_1)
FN:12,Component
FN:24,(anonymous_3)
FN:29,(anonymous_4)
FN:41,(anonymous_5)
FN:45,(anonymous_6)
FN:59,(anonymous_7)
FN:63,(anonymous_8)
FN:69,(anonymous_9)
FN:83,(anonymous_10)
FNF:10
FNH:10
FNDA:1,(anonymous_1)
FNDA:21,Component
FNDA:22,(anonymous_3)
FNDA:8,(anonymous_4)
FNDA:5,(anonymous_5)
FNDA:6,(anonymous_6)
FNDA:1,(anonymous_7)
FNDA:8,(anonymous_8)
FNDA:10,(anonymous_9)
FNDA:8,(anonymous_10)
DA:2,1
DA:3,1
DA:4,1
DA:5,1
DA:6,1
DA:7,1
DA:9,1
DA:12,1
DA:13,21
DA:14,21
DA:16,21
DA:23,1
DA:25,22
DA:26,21
DA:30,8
DA:32,7
DA:33,1
DA:36,6
DA:37,6
DA:38,6
DA:42,5
DA:44,5
DA:45,5
DA:46,6
DA:47,6
DA:48,6
DA:49,6
DA:50,6
DA:51,1
DA:54,6
DA:55,6
DA:60,1
DA:64,8
DA:65,8
DA:66,8
DA:70,10
DA:72,10
DA:73,1
DA:74,1
DA:76,9
DA:77,8
DA:80,9
DA:81,9
DA:83,8
DA:84,8
DA:85,7
DA:90,1
DA:93,1
LF:48
LH:48
BRDA:32,1,0,1
BRDA:32,1,1,6
BRDA:48,2,0,6
BRDA:48,2,1,0
BRDA:50,3,0,1
BRDA:50,3,1,5
BRDA:72,4,0,1
BRDA:72,4,1,9
BRF:8
BRH:7
end_of_record
TN:
SF:/Users/jafar/Workspaces/js/yesbee/lib/source.js
FN:6,(anonymous_1)
FN:11,Source
FN:24,(anonymous_3)
FN:29,(anonymous_4)
FN:39,(anonymous_5)
FN:46,(anonymous_6)
FNF:6
FNH:6
FNDA:1,(anonymous_1)
FNDA:12,Source
FNDA:11,(anonymous_3)
FNDA:10,(anonymous_4)
FNDA:6,(anonymous_5)
FNDA:1,(anonymous_6)
DA:2,1
DA:3,1
DA:4,1
DA:6,1
DA:9,1
DA:11,1
DA:12,12
DA:13,12
DA:15,12
DA:23,1
DA:25,11
DA:27,10
DA:29,10
DA:30,10
DA:31,10
DA:33,3
DA:34,1
DA:40,6
DA:41,6
DA:42,1
DA:47,1
DA:48,1
DA:53,1
DA:57,1
LF:24
LH:24
BRDA:41,1,0,1
BRDA:41,1,1,5
BRDA:47,2,0,1
BRDA:47,2,1,0
BRF:4
BRH:3
end_of_record
TN:
SF:/Users/jafar/Workspaces/js/yesbee/lib/message.js
FN:3,(anonymous_1)
FN:6,Message
FNF:2
FNH:2
FNDA:1,(anonymous_1)
FNDA:8,Message
DA:2,1
DA:3,1
DA:6,1
DA:7,8
DA:13,1
LF:5
LH:5
BRF:0
BRH:0
end_of_record
TN:
SF:/Users/jafar/Workspaces/js/yesbee/lib/client.js
FN:4,(anonymous_1)
FN:7,Client
FN:15,(anonymous_3)
FN:23,(anonymous_4)
FNF:4
FNH:4
FNDA:1,(anonymous_1)
FNDA:6,Client
FNDA:8,(anonymous_3)
FNDA:4,(anonymous_4)
DA:2,1
DA:4,1
DA:7,1
DA:8,6
DA:9,6
DA:14,1
DA:16,8
DA:17,8
DA:19,8
DA:20,8
DA:24,4
DA:28,1
LF:12
LH:12
BRF:0
BRH:0
end_of_record
TN:
SF:/Users/jafar/Workspaces/js/yesbee/lib/errors/notify.js
FN:1,Notify
FNF:1
FNH:1
FNDA:1,Notify
DA:1,1
DA:2,1
DA:3,1
DA:6,1
DA:8,1
LF:5
LH:5
BRF:0
BRH:0
end_of_record
TN:
SF:/Users/jafar/Workspaces/js/yesbee/lib/commands/daemon.js
FN:11,(anonymous_1)
FN:14,prepareComponents
FN:24,(anonymous_3)
FN:38,(anonymous_4)
FN:46,prepareServices
FN:56,(anonymous_6)
FN:64,prepareOptions
FN:77,prepareDaemon
FN:80,(anonymous_9)
FN:84,(anonymous_10)
FN:93,(anonymous_11)
FN:101,(anonymous_12)
FN:113,(anonymous_13)
FN:121,(anonymous_14)
FN:122,(anonymous_15)
FN:132,daemonCommand
FNF:16
FNH:10
FNDA:1,(anonymous_1)
FNDA:1,prepareComponents
FNDA:3,(anonymous_3)
FNDA:0,(anonymous_4)
FNDA:1,prepareServices
FNDA:0,(anonymous_6)
FNDA:1,prepareOptions
FNDA:1,prepareDaemon
FNDA:0,(anonymous_9)
FNDA:0,(anonymous_10)
FNDA:2,(anonymous_11)
FNDA:0,(anonymous_12)
FNDA:0,(anonymous_13)
FNDA:1,(anonymous_14)
FNDA:1,(anonymous_15)
FNDA:1,daemonCommand
DA:3,1
DA:4,1
DA:5,1
DA:6,1
DA:7,1
DA:8,1
DA:9,1
DA:11,1
DA:14,1
DA:15,1
DA:18,1
DA:19,1
DA:20,1
DA:22,0
DA:24,1
DA:25,3
DA:26,3
DA:27,3
DA:32,1
DA:33,1
DA:34,1
DA:36,1
DA:38,1
DA:39,0
DA:40,0
DA:41,0
DA:46,1
DA:47,1
DA:50,1
DA:51,1
DA:52,1
DA:54,1
DA:56,1
DA:57,0
DA:58,0
DA:59,0
DA:64,1
DA:65,1
DA:66,1
DA:67,1
DA:68,1
DA:69,0
DA:72,1
DA:73,1
DA:77,1
DA:78,1
DA:80,1
DA:81,0
DA:84,1
DA:85,0
DA:92,1
DA:93,1
DA:94,2
DA:95,2
DA:101,1
DA:102,0
DA:104,0
DA:106,0
DA:107,0
DA:111,1
DA:112,0
DA:113,0
DA:114,0
DA:116,1
DA:117,1
DA:118,1
DA:121,1
DA:122,1
DA:123,1
DA:124,1
DA:128,0
DA:132,1
DA:133,1
DA:134,1
DA:135,1
DA:136,1
DA:138,1
LF:77
LH:59
BRDA:25,1,0,3
BRDA:25,1,1,0
BRDA:39,2,0,0
BRDA:39,2,1,0
BRDA:57,3,0,0
BRDA:57,3,1,0
BRDA:66,4,0,1
BRDA:66,4,1,1
BRDA:66,4,2,1
BRDA:72,5,0,1
BRDA:72,5,1,0
BRDA:72,6,0,1
BRDA:72,6,1,1
BRDA:106,7,0,0
BRDA:106,7,1,0
BRDA:111,8,0,0
BRDA:111,8,1,1
BRDA:116,9,0,1
BRDA:116,9,1,0
BRF:19
BRH:9
end_of_record
TN:
SF:/Users/jafar/Workspaces/js/yesbee/lib/config.js
FN:5,(anonymous_1)
FN:8,(anonymous_2)
FNF:2
FNH:2
FNDA:1,(anonymous_1)
FNDA:2,(anonymous_2)
DA:3,1
DA:5,1
DA:8,1
DA:9,2
DA:11,2
DA:15,2
DA:16,1
DA:18,1
DA:21,2
LF:9
LH:9
BRDA:9,1,0,2
BRDA:9,1,1,1
BRDA:12,2,0,2
BRDA:12,2,1,2
BRDA:12,2,2,2
BRDA:15,3,0,1
BRDA:15,3,1,1
BRDA:18,4,0,1
BRDA:18,4,1,1
BRF:9
BRH:9
end_of_record
TN:
SF:/Users/jafar/Workspaces/js/yesbee/lib/commands/help.js
FN:4,(anonymous_1)
FN:7,(anonymous_2)
FNF:2
FNH:2
FNDA:1,(anonymous_1)
FNDA:1,(anonymous_2)
DA:2,1
DA:4,1
DA:7,1
DA:8,1
DA:9,1
DA:10,1
DA:11,1
DA:12,1
DA:13,1
DA:14,1
DA:15,1
LF:11
LH:11
BRF:0
BRH:0
end_of_record
TN:
SF:/Users/jafar/Workspaces/js/yesbee/lib/components/direct.js
FN:2,(anonymous_1)
FN:5,(anonymous_2)
FNF:2
FNH:2
FNDA:1,(anonymous_1)
FNDA:1,(anonymous_2)
DA:2,1
DA:4,1
DA:6,1
LF:3
LH:3
BRF:0
BRH:0
end_of_record
TN:
SF:/Users/jafar/Workspaces/js/yesbee/lib/components/log.js
FN:2,(anonymous_1)
FN:5,(anonymous_2)
FN:9,(anonymous_3)
FNF:3
FNH:3
FNDA:1,(anonymous_1)
FNDA:1,(anonymous_2)
FNDA:2,(anonymous_3)
DA:2,1
DA:4,1
DA:6,1
DA:10,2
LF:4
LH:4
BRF:0
BRH:0
end_of_record
TN:
SF:/Users/jafar/Workspaces/js/yesbee/lib/components/mock.js
FN:4,(anonymous_1)
FN:8,(anonymous_2)
FN:12,(anonymous_3)
FNF:3
FNH:3
FNDA:1,(anonymous_1)
FNDA:3,(anonymous_2)
FNDA:4,(anonymous_3)
DA:2,1
DA:4,1
DA:7,1
DA:9,3
DA:13,4
DA:14,1
DA:15,1
DA:19,4
LF:8
LH:8
BRDA:13,1,0,1
BRDA:13,1,1,3
BRF:2
BRH:2
end_of_record
